09-14-2016 @ 10:16:01 - Queuing 2.5.0 - wc_update_250_currency
09-14-2016 @ 10:16:01 - Queuing 2.5.0 - wc_update_250_db_version
09-14-2016 @ 10:16:01 - Queuing 2.6.0 - wc_update_260_options
09-14-2016 @ 10:16:01 - Queuing 2.6.0 - wc_update_260_termmeta
09-14-2016 @ 10:16:01 - Queuing 2.6.0 - wc_update_260_zones
09-14-2016 @ 10:16:01 - Queuing 2.6.0 - wc_update_260_zone_methods
09-14-2016 @ 10:16:01 - Queuing 2.6.0 - wc_update_260_refunds
09-14-2016 @ 10:16:01 - Queuing 2.6.0 - wc_update_260_db_version
09-14-2016 @ 10:16:02 - Unable to dispatch WooCommerce updater: Operation timed out after 1001 milliseconds with 0 bytes received
09-14-2016 @ 10:16:03 - Running wc_update_250_currency callback
09-14-2016 @ 10:16:03 - Finished wc_update_250_currency callback
09-14-2016 @ 10:16:03 - Running wc_update_250_db_version callback
09-14-2016 @ 10:16:03 - Finished wc_update_250_db_version callback
09-14-2016 @ 10:16:03 - Running wc_update_260_options callback
09-14-2016 @ 10:16:03 - Finished wc_update_260_options callback
09-14-2016 @ 10:16:03 - Running wc_update_260_termmeta callback
09-14-2016 @ 10:16:03 - Finished wc_update_260_termmeta callback
09-14-2016 @ 10:16:03 - Running wc_update_260_zones callback
09-14-2016 @ 10:16:03 - Finished wc_update_260_zones callback
09-14-2016 @ 10:16:03 - Running wc_update_260_zone_methods callback
09-14-2016 @ 10:16:03 - Finished wc_update_260_zone_methods callback
09-14-2016 @ 10:16:03 - Running wc_update_260_refunds callback
09-14-2016 @ 10:16:03 - Finished wc_update_260_refunds callback
09-14-2016 @ 10:16:03 - Running wc_update_260_db_version callback
09-14-2016 @ 10:16:03 - Finished wc_update_260_db_version callback
09-14-2016 @ 10:16:03 - Data update complete
